18:40:21.353 Config: {
	"UseFrontend": false,
	"UseMatchmaker": false,
	"UseHTTPS": false,
	"UseAuthentication": false,
	"LogToFile": true,
	"HomepageFile": "player.html",
	"AdditionalRoutes": {},
	"EnableWebserver": true,
	"MatchmakerAddress": "",
	"MatchmakerPort": "9999",
	"PublicIp": "localhost",
	"HttpPort": 8080,
	"HttpsPort": 443,
	"StreamerPort": 8888
}
18:40:22.674 No peerConnectionConfig
18:40:22.677 Running Cirrus - The Pixel Streaming reference implementation signalling server for Unreal Engine 4.27.
18:40:23.112 WebSocket listening to Streamer connections on :8888
18:40:23.113 WebSocket listening to Players connections on :8080
18:40:23.116 Http listening on *: 8080
18:40:35.353 Streamer connected: ::ffff:127.0.0.1
18:41:35.413 <- Streamer: {"type":"ping","time":1775040095}
